<?xml version="1.0" encoding="UTF-8"?>
<testsuite xmlns:xsi="http://www.w3.org/2001/XMLSchema-instance" xsi:noNamespaceSchemaLocation="https://maven.apache.org/surefire/maven-surefire-plugin/xsd/surefire-test-report-3.0.xsd" version="3.0" name="com.demoqa.tests.LoginTests" time="20.171" tests="1" errors="0" skipped="0" failures="0">
  <properties>
[...]
</properties>
  <testcase name="loginPositiveTestWithParameters" classname="com.demoqa.tests.LoginTests" time="20.134">
    <system-out><![CDATA[10:51:29.285 [main] INFO  i.g.bonigarcia.wdm.WebDriverManager -- Using chromedriver 145.0.7632.46 (resolved driver for Chrome 145)
10:51:29.333 [main] INFO  i.g.bonigarcia.wdm.WebDriverManager -- Exporting webdriver.chrome.driver as C:\Users\yanam\.cache\selenium\chromedriver\win64\145.0.7632.46\chromedriver.exe
10:51:37.767 [main] INFO  com.demoqa.utils.MyListener -- We opened the site https://demoqa.com
10:51:39.303 [main] INFO  com.demoqa.utils.MyListener -- We clicked on [[ChromeDriver: chrome on windows (657fa57466bb8760c47c49e9687f0c50)] -> css selector: .card:nth-child(6)]
10:51:39.304 [main] INFO  com.demoqa.utils.MyListener -- ***********************************
10:51:41.673 [main] INFO  com.demoqa.utils.MyListener -- We clicked on [[ChromeDriver: chrome on windows (657fa57466bb8760c47c49e9687f0c50)] -> xpath: //span[.='Login']]
10:51:41.674 [main] INFO  com.demoqa.utils.MyListener -- ***********************************
10:51:42.943 [main] INFO  com.demoqa.utils.MyListener -- We clicked on [[ChromeDriver: chrome on windows (657fa57466bb8760c47c49e9687f0c50)] -> id: userName]
10:51:42.943 [main] INFO  com.demoqa.utils.MyListener -- ***********************************
10:51:43.211 [main] INFO  com.demoqa.utils.MyListener -- We enter [Lika] to element [[ChromeDriver: chrome on windows (657fa57466bb8760c47c49e9687f0c50)] -> id: userName]
10:51:43.211 [main] INFO  com.demoqa.utils.MyListener -- ***********************************
10:51:43.569 [main] INFO  com.demoqa.utils.MyListener -- We clicked on [[ChromeDriver: chrome on windows (657fa57466bb8760c47c49e9687f0c50)] -> id: password]
10:51:43.571 [main] INFO  com.demoqa.utils.MyListener -- ***********************************
10:51:43.883 [main] INFO  com.demoqa.utils.MyListener -- We enter [uCSW!9Vh7qVkGDf] to element [[ChromeDriver: chrome on windows (657fa57466bb8760c47c49e9687f0c50)] -> id: password]
10:51:43.883 [main] INFO  com.demoqa.utils.MyListener -- ***********************************
10:51:44.277 [main] INFO  com.demoqa.utils.MyListener -- We clicked on [[ChromeDriver: chrome on windows (657fa57466bb8760c47c49e9687f0c50)] -> id: login]
10:51:44.278 [main] INFO  com.demoqa.utils.MyListener -- ***********************************
10:51:46.114 [main] INFO  com.demoqa.utils.MyListener -- [[ChromeDriver: chrome on windows (657fa57466bb8760c47c49e9687f0c50)] -> id: userName-value] contains Lika
10:51:46.115 [main] INFO  com.demoqa.utils.MyListener -- ***********************************
10:51:48.750 [main] INFO  com.demoqa.utils.MyTestWatcher -- The method public void com.demoqa.tests.LoginTests.loginPositiveTestWithParameters() is PASSED
10:51:48.750 [main] INFO  com.demoqa.utils.MyTestWatcher -- loginPositiveTestWithParameters()
10:51:48.751 [main] INFO  com.demoqa.utils.MyTestWatcher -- ************************
]]></system-out>
    <system-err><![CDATA[февр. 12, 2026 10:51:32 AM org.openqa.selenium.devtools.CdpVersionFinder findNearestMatch
WARNING: Unable to find an exact match for CDP version 145, returning the closest version; found: 144; Please update to a Selenium version that supports CDP version 145
]]></system-err>
  </testcase>
</testsuite>